ðŸŸ¡ â‚¿  Bitcoin ==> 2025-04-27 15:10 | Price: $93951.77 | Signal: BUY
ðŸŸ£  Ethereum ==> 2025-04-27 15:10 | Price: $1807.87 | Signal: BUY
ðŸŸ  ðŸ¶  Dogecoin ==> 2025-04-27 15:10 | Price: $0.18 | Signal: BUY
ðŸ”µ â™¾ï¸ Cardano ==> 2025-04-27 15:10 | Price: $0.70 | Signal: BUY
ðŸŸ¡ â‚¿ Bitcoin ==> 2025-04-27 16:46 | Price: $93814.53 | Signal: BUY
ðŸŸ£ Ethereum ==> 2025-04-27 16:46 | Price: $1792.40 | Signal: SELL
ðŸª™ BNB ==> 2025-04-27 16:46 | Price: $599.26 | Signal: SELL
ðŸŸ¢ Solana ==> 2025-04-27 16:46 | Price: $147.89 | Signal: SELL
âš« XRP ==> 2025-04-27 16:46 | Price: $2.25 | Signal: BUY
ðŸŸ ðŸ¶ Dogecoin ==> 2025-04-27 16:46 | Price: $0.18 | Signal: BUY
ðŸ”µâ™¾ï¸ Cardano ==> 2025-04-27 16:46 | Price: $0.70 | Signal: SELL
ðŸ§Š Avalanche ==> 2025-04-27 16:46 | Price: $22.04 | Signal: SELL
ðŸŸ  ðŸ¦Š Shiba Inu ==> 2025-04-27 16:46 | Price: $0.00 | Signal: SELL
ðŸŒ Polkadot ==> 2025-04-27 16:46 | Price: $4.09 | Signal: SELL
ðŸŽ®ðŸ”º TRON ==> 2025-04-27 16:46 | Price: $0.25 | Signal: SELL
ðŸŸª Polygon ==> 2024-09-10 06:29 | Price: $0.38 | Signal: BUY
âš¡ Litecoin ==> 2025-04-27 16:46 | Price: $86.30 | Signal: BUY
ðŸŸ¤ Bitcoin Cash ==> 2025-04-27 16:46 | Price: $351.20 | Signal: SELL
ðŸ”— Chainlink ==> 2025-04-27 16:46 | Price: $14.47 | Signal: SELL
âš›ï¸ Cosmos ==> 2025-04-27 16:46 | Price: $4.47 | Signal: BUY
âœ¨ Stellar ==> 2025-04-27 16:46 | Price: $0.29 | Signal: BUY
ðŸ¦„ Uniswap ==> 2025-04-27 16:46 | Price: $5.63 | Signal: SELL
ðŸŒ™ NEAR Protocol ==> 2025-04-27 16:46 | Price: $2.54 | Signal: SELL
ðŸŒ Internet Computer ==> 2025-04-27 16:46 | Price: $5.07 | Signal: BUY
ðŸŸ¡ â‚¿ Bitcoin ==> 2025-04-27 16:47 | Price: $93833.71 | Signal: BUY
ðŸŸ£ Ethereum ==> 2025-04-27 16:47 | Price: $1791.99 | Signal: SELL
ðŸª™ BNB ==> 2025-04-27 16:47 | Price: $598.91 | Signal: BUY
ðŸŸ¢ Solana ==> 2025-04-27 16:47 | Price: $147.82 | Signal: BUY
âš« XRP ==> 2025-04-27 16:47 | Price: $2.24 | Signal: BUY
ðŸŸ ðŸ¶ Dogecoin ==> 2025-04-27 16:47 | Price: $0.18 | Signal: BUY
ðŸ”µâ™¾ï¸ Cardano ==> 2025-04-27 16:47 | Price: $0.70 | Signal: SELL
ðŸ§Š Avalanche ==> 2025-04-27 16:47 | Price: $22.02 | Signal: SELL
ðŸŸ  ðŸ¦Š Shiba Inu ==> 2025-04-27 16:47 | Price: $0.00 | Signal: SELL
ðŸŒ Polkadot ==> 2025-04-27 16:47 | Price: $4.09 | Signal: SELL
ðŸŽ®ðŸ”º TRON ==> 2025-04-27 16:47 | Price: $0.25 | Signal: SELL
ðŸŸª Polygon ==> 2024-09-10 06:29 | Price: $0.38 | Signal: BUY
âš¡ Litecoin ==> 2025-04-27 16:47 | Price: $86.29 | Signal: BUY
ðŸŸ¤ Bitcoin Cash ==> 2025-04-27 16:47 | Price: $351.20 | Signal: SELL
ðŸ”— Chainlink ==> 2025-04-27 16:47 | Price: $14.47 | Signal: SELL
âš›ï¸ Cosmos ==> 2025-04-27 16:47 | Price: $4.47 | Signal: BUY
âœ¨ Stellar ==> 2025-04-27 16:47 | Price: $0.29 | Signal: BUY
ðŸ¦„ Uniswap ==> 2025-04-27 16:47 | Price: $5.63 | Signal: SELL
ðŸŒ™ NEAR Protocol ==> 2025-04-27 16:47 | Price: $2.54 | Signal: SELL
ðŸŒ Internet Computer ==> 2025-04-27 16:47 | Price: $5.07 | Signal: BUY
ðŸŸ¡ â‚¿ Bitcoin ==> 2025-04-27 16:50 | Price: $93903.71 | Signal: BUY
ðŸŸ£ Ethereum ==> 2025-04-27 16:50 | Price: $1795.00 | Signal: SELL
ðŸª™ BNB ==> 2025-04-27 16:50 | Price: $599.49 | Signal: BUY
ðŸŸ¢ Solana ==> 2025-04-27 16:50 | Price: $148.10 | Signal: BUY
âš« XRP ==> 2025-04-27 16:50 | Price: $2.24 | Signal: BUY
ðŸŸ ðŸ¶ Dogecoin ==> 2025-04-27 16:50 | Price: $0.18 | Signal: BUY
ðŸ”µâ™¾ï¸ Cardano ==> 2025-04-27 16:50 | Price: $0.70 | Signal: SELL
ðŸ§Š Avalanche ==> 2025-04-27 16:50 | Price: $22.06 | Signal: SELL
ðŸŸ  ðŸ¦Š Shiba Inu ==> 2025-04-27 16:50 | Price: $0.00 | Signal: SELL
ðŸŒ Polkadot ==> 2025-04-27 16:50 | Price: $4.10 | Signal: SELL
ðŸŽ®ðŸ”º TRON ==> 2025-04-27 16:50 | Price: $0.25 | Signal: SELL
ðŸŸª Polygon ==> 2024-09-10 06:29 | Price: $0.38 | Signal: BUY
âš¡ Litecoin ==> 2025-04-27 16:50 | Price: $86.27 | Signal: SELL
ðŸŸ¤ Bitcoin Cash ==> 2025-04-27 16:50 | Price: $352.00 | Signal: BUY
ðŸ”— Chainlink ==> 2025-04-27 16:50 | Price: $14.51 | Signal: BUY
âš›ï¸ Cosmos ==> 2025-04-27 16:50 | Price: $4.48 | Signal: BUY
âœ¨ Stellar ==> 2025-04-27 16:50 | Price: $0.29 | Signal: BUY
ðŸ¦„ Uniswap ==> 2025-04-27 16:50 | Price: $5.65 | Signal: SELL
ðŸŒ™ NEAR Protocol ==> 2025-04-27 16:50 | Price: $2.55 | Signal: SELL
ðŸŒ Internet Computer ==> 2025-04-27 16:50 | Price: $5.09 | Signal: BUY
ðŸŸ¡ â‚¿ Bitcoin ==> 2025-04-27 16:50 | Price: $93903.71 | Signal: BUY
ðŸŸ£ Ethereum ==> 2025-04-27 16:50 | Price: $1794.79 | Signal: SELL
ðŸª™ BNB ==> 2025-04-27 16:50 | Price: $599.50 | Signal: BUY
ðŸŸ¢ Solana ==> 2025-04-27 16:50 | Price: $148.11 | Signal: BUY
âš« XRP ==> 2025-04-27 16:50 | Price: $2.24 | Signal: BUY
ðŸŸ ðŸ¶ Dogecoin ==> 2025-04-27 16:50 | Price: $0.18 | Signal: BUY
ðŸ”µâ™¾ï¸ Cardano ==> 2025-04-27 16:50 | Price: $0.70 | Signal: SELL
ðŸ§Š Avalanche ==> 2025-04-27 16:50 | Price: $22.04 | Signal: SELL
ðŸŸ  ðŸ¦Š Shiba Inu ==> 2025-04-27 16:50 | Price: $0.00 | Signal: SELL
ðŸŒ Polkadot ==> 2025-04-27 16:50 | Price: $4.10 | Signal: SELL
ðŸŽ®ðŸ”º TRON ==> 2025-04-27 16:50 | Price: $0.25 | Signal: SELL
ðŸŸª Polygon ==> 2024-09-10 06:29 | Price: $0.38 | Signal: BUY
âš¡ Litecoin ==> 2025-04-27 16:50 | Price: $86.23 | Signal: SELL
ðŸŸ¤ Bitcoin Cash ==> 2025-04-27 16:50 | Price: $351.80 | Signal: BUY
ðŸ”— Chainlink ==> 2025-04-27 16:50 | Price: $14.51 | Signal: BUY
âš›ï¸ Cosmos ==> 2025-04-27 16:50 | Price: $4.48 | Signal: BUY
âœ¨ Stellar ==> 2025-04-27 16:50 | Price: $0.29 | Signal: BUY
ðŸ¦„ Uniswap ==> 2025-04-27 16:50 | Price: $5.65 | Signal: SELL
ðŸŒ™ NEAR Protocol ==> 2025-04-27 16:50 | Price: $2.55 | Signal: SELL
ðŸŒ Internet Computer ==> 2025-04-27 16:50 | Price: $5.08 | Signal: BUY
ðŸŸ¡ â‚¿ Bitcoin ==> 2025-04-27 16:51 | Price: $93883.99 | Signal: BUY
ðŸŸ£ Ethereum ==> 2025-04-27 16:51 | Price: $1793.98 | Signal: SELL
ðŸª™ BNB ==> 2025-04-27 16:51 | Price: $599.50 | Signal: BUY
ðŸŸ¢ Solana ==> 2025-04-27 16:51 | Price: $148.09 | Signal: BUY
âš« XRP ==> 2025-04-27 16:51 | Price: $2.24 | Signal: BUY
ðŸŸ ðŸ¶ Dogecoin ==> 2025-04-27 16:51 | Price: $0.18 | Signal: BUY
ðŸ”µâ™¾ï¸ Cardano ==> 2025-04-27 16:51 | Price: $0.70 | Signal: SELL
ðŸ§Š Avalanche ==> 2025-04-27 16:51 | Price: $22.03 | Signal: SELL
ðŸŸ  ðŸ¦Š Shiba Inu ==> 2025-04-27 16:51 | Price: $0.00 | Signal: SELL
ðŸŒ Polkadot ==> 2025-04-27 16:51 | Price: $4.10 | Signal: SELL
ðŸŽ®ðŸ”º TRON ==> 2025-04-27 16:51 | Price: $0.25 | Signal: SELL
ðŸŸª Polygon ==> 2024-09-10 06:29 | Price: $0.38 | Signal: BUY
âš¡ Litecoin ==> 2025-04-27 16:51 | Price: $86.28 | Signal: SELL
ðŸŸ¤ Bitcoin Cash ==> 2025-04-27 16:51 | Price: $351.80 | Signal: BUY
ðŸ”— Chainlink ==> 2025-04-27 16:51 | Price: $14.50 | Signal: BUY
âš›ï¸ Cosmos ==> 2025-04-27 16:51 | Price: $4.48 | Signal: BUY
âœ¨ Stellar ==> 2025-04-27 16:51 | Price: $0.29 | Signal: BUY
ðŸ¦„ Uniswap ==> 2025-04-27 16:51 | Price: $5.64 | Signal: SELL
ðŸŒ™ NEAR Protocol ==> 2025-04-27 16:51 | Price: $2.55 | Signal: SELL
ðŸŒ Internet Computer ==> 2025-04-27 16:51 | Price: $5.08 | Signal: BUY
ðŸŸ¡ â‚¿ Bitcoin ==> 2025-04-27 16:51 | Price: $93870.19 | Signal: BUY
ðŸŸ£ Ethereum ==> 2025-04-27 16:51 | Price: $1794.20 | Signal: SELL
ðŸª™ BNB ==> 2025-04-27 16:51 | Price: $599.52 | Signal: BUY
ðŸŸ¢ Solana ==> 2025-04-27 16:51 | Price: $148.12 | Signal: BUY
âš« XRP ==> 2025-04-27 16:51 | Price: $2.23 | Signal: BUY
ðŸŸ ðŸ¶ Dogecoin ==> 2025-04-27 16:51 | Price: $0.18 | Signal: BUY
ðŸ”µâ™¾ï¸ Cardano ==> 2025-04-27 16:51 | Price: $0.69 | Signal: SELL
ðŸ§Š Avalanche ==> 2025-04-27 16:51 | Price: $22.02 | Signal: SELL
ðŸŸ  ðŸ¦Š Shiba Inu ==> 2025-04-27 16:51 | Price: $0.00 | Signal: SELL
ðŸŒ Polkadot ==> 2025-04-27 16:51 | Price: $4.10 | Signal: SELL
ðŸŽ®ðŸ”º TRON ==> 2025-04-27 16:51 | Price: $0.25 | Signal: SELL
ðŸŸª Polygon ==> 2024-09-10 06:29 | Price: $0.38 | Signal: BUY
âš¡ Litecoin ==> 2025-04-27 16:51 | Price: $86.22 | Signal: SELL
ðŸŸ¤ Bitcoin Cash ==> 2025-04-27 16:51 | Price: $351.90 | Signal: BUY
ðŸ”— Chainlink ==> 2025-04-27 16:51 | Price: $14.51 | Signal: BUY
âš›ï¸ Cosmos ==> 2025-04-27 16:51 | Price: $4.48 | Signal: BUY
âœ¨ Stellar ==> 2025-04-27 16:51 | Price: $0.29 | Signal: BUY
ðŸ¦„ Uniswap ==> 2025-04-27 16:51 | Price: $5.64 | Signal: SELL
ðŸŒ™ NEAR Protocol ==> 2025-04-27 16:51 | Price: $2.55 | Signal: SELL
ðŸŒ Internet Computer ==> 2025-04-27 16:51 | Price: $5.08 | Signal: BUY
ðŸŸ¡ â‚¿ Bitcoin ==> 2025-04-27 16:52 | Price: $93859.2 | Signal: BUY
ðŸŸ£ Ethereum ==> 2025-04-27 16:52 | Price: $1792.96 | Signal: SELL
ðŸª™ BNB ==> 2025-04-27 16:52 | Price: $599.32 | Signal: BUY
ðŸŸ¢ Solana ==> 2025-04-27 16:52 | Price: $147.94 | Signal: BUY
âš« XRP ==> 2025-04-27 16:52 | Price: $2.2342 | Signal: BUY
ðŸŸ ðŸ¶ Dogecoin ==> 2025-04-27 16:52 | Price: $0.18125 | Signal: BUY
ðŸ”µâ™¾ï¸ Cardano ==> 2025-04-27 16:52 | Price: $0.6948 | Signal: SELL
ðŸ§Š Avalanche ==> 2025-04-27 16:52 | Price: $22.01 | Signal: SELL
ðŸŸ  ðŸ¦Š Shiba Inu ==> 2025-04-27 16:52 | Price: $0.00001357 | Signal: SELL
ðŸŒ Polkadot ==> 2025-04-27 16:52 | Price: $4.097 | Signal: SELL
ðŸŽ®ðŸ”º TRON ==> 2025-04-27 16:52 | Price: $0.2487 | Signal: SELL
ðŸŸª Polygon ==> 2024-09-10 06:29 | Price: $0.3794 | Signal: BUY
âš¡ Litecoin ==> 2025-04-27 16:52 | Price: $86.14 | Signal: SELL
ðŸŸ¤ Bitcoin Cash ==> 2025-04-27 16:52 | Price: $351.8 | Signal: BUY
ðŸ”— Chainlink ==> 2025-04-27 16:52 | Price: $14.5 | Signal: BUY
âš›ï¸ Cosmos ==> 2025-04-27 16:52 | Price: $4.474 | Signal: BUY
âœ¨ Stellar ==> 2025-04-27 16:52 | Price: $0.2868 | Signal: BUY
ðŸ¦„ Uniswap ==> 2025-04-27 16:52 | Price: $5.642 | Signal: SELL
ðŸŒ™ NEAR Protocol ==> 2025-04-27 16:52 | Price: $2.547 | Signal: SELL
ðŸŒ Internet Computer ==> 2025-04-27 16:52 | Price: $5.081 | Signal: BUY
ðŸŸ¡ â‚¿ Bitcoin ==> 2025-04-27 16:52 | Price: $93857.66 | Signal: BUY
ðŸŸ£ Ethereum ==> 2025-04-27 16:52 | Price: $1794.56 | Signal: SELL
ðŸª™ BNB ==> 2025-04-27 16:52 | Price: $599.38 | Signal: BUY
ðŸŸ¢ Solana ==> 2025-04-27 16:52 | Price: $148.01 | Signal: BUY
âš« XRP ==> 2025-04-27 16:52 | Price: $2.2367 | Signal: BUY
ðŸŸ ðŸ¶ Dogecoin ==> 2025-04-27 16:52 | Price: $0.18141 | Signal: BUY
ðŸ”µâ™¾ï¸ Cardano ==> 2025-04-27 16:52 | Price: $0.6957 | Signal: SELL
ðŸ§Š Avalanche ==> 2025-04-27 16:52 | Price: $22.01 | Signal: SELL
ðŸŸ  ðŸ¦Š Shiba Inu ==> 2025-04-27 16:52 | Price: $0.00001358 | Signal: SELL
ðŸŒ Polkadot ==> 2025-04-27 16:52 | Price: $4.098 | Signal: SELL
ðŸŽ®ðŸ”º TRON ==> 2025-04-27 16:52 | Price: $0.2486 | Signal: SELL
ðŸŸª Polygon ==> 2024-09-10 06:29 | Price: $0.3794 | Signal: BUY
âš¡ Litecoin ==> 2025-04-27 16:52 | Price: $86.22 | Signal: SELL
ðŸŸ¤ Bitcoin Cash ==> 2025-04-27 16:52 | Price: $351.9 | Signal: BUY
ðŸ”— Chainlink ==> 2025-04-27 16:52 | Price: $14.5 | Signal: BUY
âš›ï¸ Cosmos ==> 2025-04-27 16:52 | Price: $4.474 | Signal: BUY
âœ¨ Stellar ==> 2025-04-27 16:52 | Price: $0.2867 | Signal: BUY
ðŸ¦„ Uniswap ==> 2025-04-27 16:52 | Price: $5.641 | Signal: SELL
ðŸŒ™ NEAR Protocol ==> 2025-04-27 16:52 | Price: $2.544 | Signal: SELL
ðŸŒ Internet Computer ==> 2025-04-27 16:52 | Price: $5.079 | Signal: BUY
ðŸŸ¡ â‚¿ Bitcoin ==> 2025-04-27 16:53 | Price: $93816.75 | Signal: BUY
ðŸŸ£ Ethereum ==> 2025-04-27 16:53 | Price: $1792.91 | Signal: SELL
ðŸª™ BNB ==> 2025-04-27 16:53 | Price: $599.23 | Signal: BUY
ðŸŸ¢ Solana ==> 2025-04-27 16:53 | Price: $147.86 | Signal: BUY
âš« XRP ==> 2025-04-27 16:53 | Price: $2.2318 | Signal: BUY
ðŸŸ ðŸ¶ Dogecoin ==> 2025-04-27 16:53 | Price: $0.18118 | Signal: BUY
ðŸ”µâ™¾ï¸ Cardano ==> 2025-04-27 16:53 | Price: $0.6949 | Signal: SELL
ðŸ§Š Avalanche ==> 2025-04-27 16:53 | Price: $21.99 | Signal: SELL
ðŸŸ  ðŸ¦Š Shiba Inu ==> 2025-04-27 16:53 | Price: $0.00001356 | Signal: SELL
ðŸŒ Polkadot ==> 2025-04-27 16:53 | Price: $4.092 | Signal: SELL
ðŸŽ®ðŸ”º TRON ==> 2025-04-27 16:53 | Price: $0.2486 | Signal: SELL
ðŸŸª Polygon ==> 2024-09-10 06:29 | Price: $0.3794 | Signal: BUY
âš¡ Litecoin ==> 2025-04-27 16:53 | Price: $86.02 | Signal: SELL
ðŸŸ¤ Bitcoin Cash ==> 2025-04-27 16:53 | Price: $351.4 | Signal: BUY
ðŸ”— Chainlink ==> 2025-04-27 16:53 | Price: $14.49 | Signal: BUY
âš›ï¸ Cosmos ==> 2025-04-27 16:53 | Price: $4.469 | Signal: BUY
âœ¨ Stellar ==> 2025-04-27 16:53 | Price: $0.2859 | Signal: BUY
ðŸ¦„ Uniswap ==> 2025-04-27 16:53 | Price: $5.631 | Signal: SELL
ðŸŒ™ NEAR Protocol ==> 2025-04-27 16:53 | Price: $2.54 | Signal: SELL
ðŸŒ Internet Computer ==> 2025-04-27 16:53 | Price: $5.073 | Signal: BUY
ðŸŸ¡ â‚¿ Bitcoin ==> 2025-04-27 16:53 | Price: $93804.07 | Signal: BUY
ðŸŸ£ Ethereum ==> 2025-04-27 16:53 | Price: $1792.52 | Signal: SELL
ðŸª™ BNB ==> 2025-04-27 16:53 | Price: $599.28 | Signal: BUY
ðŸŸ¢ Solana ==> 2025-04-27 16:53 | Price: $147.82 | Signal: BUY
âš« XRP ==> 2025-04-27 16:53 | Price: $2.2312 | Signal: BUY
ðŸŸ ðŸ¶ Dogecoin ==> 2025-04-27 16:53 | Price: $0.18107 | Signal: BUY
ðŸ”µâ™¾ï¸ Cardano ==> 2025-04-27 16:53 | Price: $0.6948 | Signal: SELL
ðŸ§Š Avalanche ==> 2025-04-27 16:53 | Price: $21.98 | Signal: SELL
ðŸŸ  ðŸ¦Š Shiba Inu ==> 2025-04-27 16:53 | Price: $0.00001356 | Signal: SELL
ðŸŒ Polkadot ==> 2025-04-27 16:53 | Price: $4.092 | Signal: SELL
ðŸŽ®ðŸ”º TRON ==> 2025-04-27 16:53 | Price: $0.2486 | Signal: SELL
ðŸŸª Polygon ==> 2024-09-10 06:29 | Price: $0.3794 | Signal: BUY
âš¡ Litecoin ==> 2025-04-27 16:53 | Price: $86.09 | Signal: SELL
ðŸŸ¤ Bitcoin Cash ==> 2025-04-27 16:53 | Price: $351.4 | Signal: BUY
ðŸ”— Chainlink ==> 2025-04-27 16:53 | Price: $14.49 | Signal: BUY
âš›ï¸ Cosmos ==> 2025-04-27 16:53 | Price: $4.465 | Signal: BUY
âœ¨ Stellar ==> 2025-04-27 16:53 | Price: $0.2855 | Signal: BUY
ðŸ¦„ Uniswap ==> 2025-04-27 16:53 | Price: $5.63 | Signal: SELL
ðŸŒ™ NEAR Protocol ==> 2025-04-27 16:53 | Price: $2.541 | Signal: SELL
ðŸŒ Internet Computer ==> 2025-04-27 16:53 | Price: $5.072 | Signal: BUY
ðŸŸ¡ â‚¿ Bitcoin ==> 2025-04-27 16:54 | Price: $93804.07 | Signal: BUY
ðŸŸ£ Ethereum ==> 2025-04-27 16:54 | Price: $1792.52 | Signal: SELL
ðŸª™ BNB ==> 2025-04-27 16:54 | Price: $599.25 | Signal: BUY
ðŸŸ¢ Solana ==> 2025-04-27 16:54 | Price: $147.79 | Signal: BUY
âš« XRP ==> 2025-04-27 16:54 | Price: $2.231 | Signal: BUY
ðŸŸ ðŸ¶ Dogecoin ==> 2025-04-27 16:54 | Price: $0.181 | Signal: BUY
ðŸ”µâ™¾ï¸ Cardano ==> 2025-04-27 16:54 | Price: $0.6943 | Signal: SELL
ðŸ§Š Avalanche ==> 2025-04-27 16:54 | Price: $21.97 | Signal: SELL
ðŸŸ  ðŸ¦Š Shiba Inu ==> 2025-04-27 16:54 | Price: $0.00001356 | Signal: SELL
ðŸŒ Polkadot ==> 2025-04-27 16:54 | Price: $4.091 | Signal: SELL
ðŸŽ®ðŸ”º TRON ==> 2025-04-27 16:54 | Price: $0.2485 | Signal: SELL
ðŸŸª Polygon ==> 2024-09-10 06:29 | Price: $0.3794 | Signal: BUY
âš¡ Litecoin ==> 2025-04-27 16:54 | Price: $86.09 | Signal: SELL
ðŸŸ¤ Bitcoin Cash ==> 2025-04-27 16:54 | Price: $351.3 | Signal: BUY
ðŸ”— Chainlink ==> 2025-04-27 16:54 | Price: $14.48 | Signal: BUY
âš›ï¸ Cosmos ==> 2025-04-27 16:54 | Price: $4.465 | Signal: BUY
âœ¨ Stellar ==> 2025-04-27 16:54 | Price: $0.2854 | Signal: BUY
ðŸ¦„ Uniswap ==> 2025-04-27 16:54 | Price: $5.628 | Signal: SELL
